[32minfo[39m: GET en /favicon.ico - 10:07:54
[32minfo[39m: GET en / - 17:40:58
[32minfo[39m: GET en /css/styles.css - 17:40:58
[32minfo[39m: GET en /assets/logo__svg.svg - 17:40:58
[32minfo[39m: GET en /js/index.js - 17:40:58
[32minfo[39m: GET en /assets/images/user_def.png - 17:40:58
[32minfo[39m: GET en /assets/images/agua_test.jpg - 17:40:58
[32minfo[39m: GET en /assets/images/sirviendo_test.jpg - 17:40:58
[32minfo[39m: GET en /assets/images/laboratorio_1400_600.jpg - 17:40:58
[32minfo[39m: GET en /assets/icon.svg - 17:40:59
[32minfo[39m: GET en /login - 17:41:02
[32minfo[39m: GET en /css/styles.css - 17:41:02
[32minfo[39m: GET en /js/index.js - 17:41:02
[32minfo[39m: GET en /login - 17:41:15
[32minfo[39m: GET en /css/styles.css - 17:41:16
[32minfo[39m: GET en /js/index.js - 17:41:16
[32minfo[39m: GET en /assets/icon.svg - 17:41:16
[32minfo[39m: GET en /login - 17:42:57
[32minfo[39m: GET en /css/styles.css - 17:42:57
[32minfo[39m: GET en /js/index.js - 17:42:57
[32minfo[39m: GET en /assets/icon.svg - 17:42:57
[32minfo[39m: GET en /login - 17:45:03
[32minfo[39m: GET en /css/styles.css - 17:45:03
[32minfo[39m: GET en /js/index.js - 17:45:03
[32minfo[39m: GET en /assets/icon.svg - 17:45:03
[32minfo[39m: GET en /login - 17:45:37
[32minfo[39m: GET en /css/styles.css - 17:45:37
[32minfo[39m: GET en /js/index.js - 17:45:37
[32minfo[39m: GET en /assets/icon.svg - 17:45:37
[32minfo[39m: GET en /login - 17:47:49
[32minfo[39m: GET en /css/styles.css - 17:47:49
[32minfo[39m: GET en /js/index.js - 17:47:49
[32minfo[39m: GET en /assets/icon.svg - 17:47:49
[32minfo[39m: GET en /login - 17:49:36
[32minfo[39m: GET en /css/styles.css - 17:49:36
[32minfo[39m: GET en /js/index.js - 17:49:36
[32minfo[39m: GET en /assets/icon.svg - 17:49:37
[32minfo[39m: GET en /api/restore - 17:55:44
[32minfo[39m: GET en /login - 17:58:02
[32minfo[39m: GET en /css/styles.css - 17:58:02
[32minfo[39m: GET en /js/index.js - 17:58:02
[32minfo[39m: GET en /assets/icon.svg - 17:58:02
[32minfo[39m: GET en /restore - 17:58:04
[32minfo[39m: GET en /login - 17:59:17
[32minfo[39m: GET en /css/styles.css - 17:59:18
[32minfo[39m: GET en /js/index.js - 17:59:18
[32minfo[39m: GET en /assets/icon.svg - 17:59:18
[32minfo[39m: GET en /restore - 17:59:19
[32minfo[39m: GET en /login - 18:00:54
[32minfo[39m: GET en /css/styles.css - 18:00:54
[32minfo[39m: GET en /js/index.js - 18:00:54
[32minfo[39m: GET en /assets/icon.svg - 18:00:54
[32minfo[39m: GET en /restore - 18:00:55
[32minfo[39m: GET en /login - 18:02:19
[32minfo[39m: GET en /css/styles.css - 18:02:20
[32minfo[39m: GET en /js/index.js - 18:02:20
[32minfo[39m: GET en /assets/icon.svg - 18:02:20
[32minfo[39m: GET en /restore - 18:02:21
[32minfo[39m: GET en /login - 18:08:48
[32minfo[39m: GET en /css/styles.css - 18:08:48
[32minfo[39m: GET en /js/index.js - 18:08:48
[32minfo[39m: GET en /assets/icon.svg - 18:08:48
[32minfo[39m: GET en /restore - 18:08:50
[32minfo[39m: GET en /login - 18:27:01
[32minfo[39m: GET en /css/styles.css - 18:27:02
[32minfo[39m: GET en /js/index.js - 18:27:02
[32minfo[39m: GET en /assets/icon.svg - 18:27:02
[32minfo[39m: GET en /restore - 18:27:04
[32minfo[39m: GET en /login - 18:28:02
[32minfo[39m: GET en /css/styles.css - 18:28:03
[32minfo[39m: GET en /js/index.js - 18:28:03
[32minfo[39m: GET en /assets/icon.svg - 18:28:03
[32minfo[39m: GET en /login - 18:35:04
[32minfo[39m: GET en /css/styles.css - 18:35:04
[32minfo[39m: GET en /js/index.js - 18:35:04
[32minfo[39m: GET en /assets/icon.svg - 18:35:04
[32minfo[39m: GET en /restore - 18:35:06
[32minfo[39m: GET en /login - 18:36:16
[32minfo[39m: GET en /css/styles.css - 18:36:16
[32minfo[39m: GET en /js/index.js - 18:36:16
[32minfo[39m: GET en /assets/icon.svg - 18:36:16
[32minfo[39m: GET en /restore - 18:36:18
[32minfo[39m: GET en /restore - 18:37:01
[32minfo[39m: GET en /login - 21:09:53
[32minfo[39m: GET en /css/styles.css - 21:09:53
[32minfo[39m: GET en /js/index.js - 21:09:53
[32minfo[39m: GET en /assets/icon.svg - 21:09:53
[32minfo[39m: GET en /restore - 21:09:58
[32minfo[39m: GET en /login - 21:10:35
[32minfo[39m: GET en /css/styles.css - 21:10:35
[32minfo[39m: GET en /js/index.js - 21:10:35
[32minfo[39m: GET en /assets/icon.svg - 21:10:35
[32minfo[39m: GET en /restore - 21:10:37
[32minfo[39m: GET en /login - 21:17:58
[32minfo[39m: GET en /css/styles.css - 21:17:59
[32minfo[39m: GET en /js/index.js - 21:17:59
[32minfo[39m: GET en /assets/icon.svg - 21:17:59
[32minfo[39m: GET en /restore - 21:18:02
[32minfo[39m: GET en /updatePassword - 21:18:59
[32minfo[39m: GET en /css/styles.css - 21:19:01
[32minfo[39m: GET en /js/index.js - 21:19:01
[32minfo[39m: GET en / - 17:37:28
[32minfo[39m: GET en /css/styles.css - 17:37:29
[32minfo[39m: GET en /assets/images/user_def.png - 17:37:29
[32minfo[39m: GET en /js/index.js - 17:37:29
[32minfo[39m: GET en /assets/images/agua_test.jpg - 17:37:29
[32minfo[39m: GET en /assets/logo__svg.svg - 17:37:29
[32minfo[39m: GET en /assets/images/sirviendo_test.jpg - 17:37:29
[32minfo[39m: GET en /assets/images/laboratorio_1400_600.jpg - 17:37:29
[32minfo[39m: GET en /assets/icon.svg - 17:37:32
[32minfo[39m: GET en /login - 17:37:45
[32minfo[39m: GET en /css/styles.css - 17:37:45
[32minfo[39m: GET en /js/index.js - 17:37:45
[32minfo[39m: GET en /reset - 17:37:48
[32minfo[39m: GET en /favicon.ico - 17:37:50
[32minfo[39m: GET en /login - 17:40:45
[32minfo[39m: GET en /css/styles.css - 17:40:45
[32minfo[39m: GET en /js/index.js - 17:40:45
[32minfo[39m: GET en /assets/icon.svg - 17:40:46
[32minfo[39m: GET en /reset - 17:40:47
[32minfo[39m: GET en /css/styles.css - 17:40:47
[32minfo[39m: GET en /js/index.js - 17:40:47
[32minfo[39m: GET en /reset - 17:42:48
[32minfo[39m: GET en /css/styles.css - 17:42:48
[32minfo[39m: GET en /js/index.js - 17:42:48
[32minfo[39m: GET en /assets/icon.svg - 17:42:48
[32minfo[39m: GET en /login - 18:09:51
[32minfo[39m: GET en /css/styles.css - 18:09:51
[32minfo[39m: GET en /js/index.js - 18:09:51
[32minfo[39m: GET en /assets/icon.svg - 18:09:51
[32minfo[39m: GET en /reset - 18:09:52
[32minfo[39m: GET en /css/styles.css - 18:09:52
[32minfo[39m: GET en /js/index.js - 18:09:52
[32minfo[39m: GET en /reset - 18:10:33
[32minfo[39m: GET en /css/styles.css - 18:10:33
[32minfo[39m: GET en /js/index.js - 18:10:33
[32minfo[39m: GET en /assets/icon.svg - 18:10:33
[32minfo[39m: GET en /reset - 18:10:51
[32minfo[39m: GET en /css/styles.css - 18:10:51
[32minfo[39m: GET en /js/index.js - 18:10:51
[32minfo[39m: GET en /assets/icon.svg - 18:10:52
[32minfo[39m: POST en /api/users/restorePassword - 18:10:55
[32minfo[39m: GET en /reset - 18:12:06
[32minfo[39m: GET en /css/styles.css - 18:12:06
[32minfo[39m: GET en /js/index.js - 18:12:06
[32minfo[39m: GET en /assets/icon.svg - 18:12:06
[32minfo[39m: POST en /api/users/restorePassword - 18:12:10
[32minfo[39m: GET en /reset - 18:13:00
[32minfo[39m: GET en /css/styles.css - 18:13:01
[32minfo[39m: GET en /js/index.js - 18:13:01
[32minfo[39m: GET en /assets/icon.svg - 18:13:01
[32minfo[39m: POST en /api/users/restorePassword - 18:13:06
[32minfo[39m: GET en /reset - 18:13:57
[32minfo[39m: GET en /css/styles.css - 18:13:57
[32minfo[39m: GET en /js/index.js - 18:13:57
[32minfo[39m: GET en /assets/icon.svg - 18:13:57
[32minfo[39m: POST en /api/users/restorePassword - 18:13:59
[32minfo[39m: GET en /reset - 18:15:00
[32minfo[39m: GET en /css/styles.css - 18:15:00
[32minfo[39m: GET en /js/index.js - 18:15:00
[32minfo[39m: GET en /assets/icon.svg - 18:15:00
[32minfo[39m: POST en /api/users/restorePassword - 18:15:02
[32minfo[39m: POST en /api/users/restorePassword - 18:16:45
[32minfo[39m: GET en /reset - 18:21:39
[32minfo[39m: GET en /css/styles.css - 18:21:39
[32minfo[39m: GET en /js/index.js - 18:21:39
[32minfo[39m: GET en /assets/icon.svg - 18:21:39
[32minfo[39m: GET en /reset - 18:22:09
[32minfo[39m: GET en /css/styles.css - 18:22:09
[32minfo[39m: GET en /js/index.js - 18:22:09
[32minfo[39m: GET en /assets/icon.svg - 18:22:10
[32minfo[39m: POST en /api/users/restorePassword - 18:22:12
[32minfo[39m: GET en /reset - 18:22:48
[32minfo[39m: GET en /css/styles.css - 18:22:48
[32minfo[39m: GET en /js/index.js - 18:22:48
[32minfo[39m: GET en /assets/icon.svg - 18:22:48
[32minfo[39m: POST en /api/users/restorePassword - 18:23:28
[32minfo[39m: GET en /reset - 18:24:29
[32minfo[39m: GET en /css/styles.css - 18:24:29
[32minfo[39m: GET en /js/index.js - 18:24:29
[32minfo[39m: GET en /assets/icon.svg - 18:24:30
[32minfo[39m: POST en /api/users/restorePassword - 18:24:32
[32minfo[39m: GET en /reset - 18:26:20
[32minfo[39m: GET en /css/styles.css - 18:26:20
[32minfo[39m: GET en /js/index.js - 18:26:20
[32minfo[39m: GET en /assets/icon.svg - 18:26:21
[32minfo[39m: POST en /api/users/restorePassword - 18:26:23
[32minfo[39m: GET en /reset - 18:27:34
[32minfo[39m: GET en /css/styles.css - 18:27:34
[32minfo[39m: GET en /js/index.js - 18:27:34
[32minfo[39m: GET en /assets/icon.svg - 18:27:34
[32minfo[39m: POST en /api/users/restorePassword - 18:27:36
[32minfo[39m: GET en /reset - 18:31:26
[32minfo[39m: GET en /css/styles.css - 18:31:29
[32minfo[39m: GET en /js/index.js - 18:31:29
[32minfo[39m: GET en /assets/icon.svg - 18:31:29
[32minfo[39m: GET en /reset - 18:32:18
[32minfo[39m: GET en /css/styles.css - 18:32:19
[32minfo[39m: GET en /js/index.js - 18:32:19
[32minfo[39m: GET en /assets/icon.svg - 18:32:19
[32minfo[39m: POST en /api/users/restorePassword - 18:32:22
[32minfo[39m: GET en /reset - 18:35:01
[32minfo[39m: GET en /css/styles.css - 18:35:02
[32minfo[39m: GET en /js/index.js - 18:35:02
[32minfo[39m: GET en /assets/icon.svg - 18:35:02
[32minfo[39m: POST en /api/users/restorePassword - 18:35:04
[32minfo[39m: GET en /reset - 18:37:12
[32minfo[39m: GET en /css/styles.css - 18:37:13
[32minfo[39m: GET en /js/index.js - 18:37:13
[32minfo[39m: GET en /assets/icon.svg - 18:37:13
[32minfo[39m: POST en /api/users/restorePassword - 18:37:16
[32minfo[39m: GET en /reset - 18:38:43
[32minfo[39m: GET en /css/styles.css - 18:38:43
[32minfo[39m: GET en /js/index.js - 18:38:43
[32minfo[39m: GET en /assets/icon.svg - 18:38:44
[32minfo[39m: POST en /api/users/restorePassword - 18:38:46
[32minfo[39m: GET en /reset - 18:49:43
[32minfo[39m: GET en /css/styles.css - 18:49:43
[32minfo[39m: GET en /js/index.js - 18:49:43
[32minfo[39m: GET en /assets/icon.svg - 18:49:43
[32minfo[39m: POST en /api/users/restorePassword - 18:49:45
[32minfo[39m: GET en /updatePassword/eyJhbGciOiJIUzI1NiIsInR5cCI6IkpXVCJ9.eyJ1c2VyIjoiZWRzb25hbmdlbG1jQGdtYWlsLmNvbSIsImlhdCI6MTcwNTI3ODEzMiwiZXhwIjoxNzA1Mjc4NDMyfQ.j2B0D-RX6PaMTdJ6TP7ZXahcHsjrKUI9TKk379JnHyc - 18:51:33
[32minfo[39m: GET en /reset - 18:56:26
[32minfo[39m: GET en /css/styles.css - 18:56:26
[32minfo[39m: GET en /js/index.js - 18:56:26
[32minfo[39m: GET en /assets/icon.svg - 18:56:27
[32minfo[39m: POST en /api/users/restorePassword - 18:56:30
[32minfo[39m: GET en /updatePassword/eyJhbGciOiJIUzI1NiIsInR5cCI6IkpXVCJ9.eyJ1c2VyIjoiZWRzb25hbmdlbG1jQGdtYWlsLmNvbSIsImlhdCI6MTcwNTI3ODEzMiwiZXhwIjoxNzA1Mjc4NDMyfQ.j2B0D-RX6PaMTdJ6TP7ZXahcHsjrKUI9TKk379JnHyc - 18:57:05
[32minfo[39m: GET en /css/styles.css - 18:57:06
[32minfo[39m: GET en /js/index.js - 18:57:06
[32minfo[39m: GET en /updatePassword/eyJhbGciOiJIUzI1NiIsInR5cCI6IkpXVCJ9.eyJ1c2VyIjoiZWRzb25hbmdlbG1jQGdtYWlsLmNvbSIsImlhdCI6MTcwNTI3ODEzMiwiZXhwIjoxNzA1Mjc4NDMyfQ.j2B0D-RX6PaMTdJ6TP7ZXahcHsjrKUI9TKk379JnHyc - 18:58:47
[32minfo[39m: GET en /css/styles.css - 18:58:49
[32minfo[39m: GET en /js/index.js - 18:58:49
[32minfo[39m: GET en /css/styles.css - 18:59:04
[32minfo[39m: GET en /updatePassword/eyJhbGciOiJIUzI1NiIsInR5cCI6IkpXVCJ9.eyJ1c2VyIjoiZWRzb25hbmdlbG1jQGdtYWlsLmNvbSIsImlhdCI6MTcwNTI3ODEzMiwiZXhwIjoxNzA1Mjc4NDMyfQ.j2B0D-RX6PaMTdJ6TP7ZXahcHsjrKUI9TKk379JnHyc - 18:59:48
[32minfo[39m: GET en /css/styles.css - 18:59:50
[32minfo[39m: GET en /js/index.js - 18:59:50
