[32minfo[39m: GET en / - 12:53:46
[32minfo[39m: GET en /assets/logo__svg.svg - 12:53:50
[32minfo[39m: GET en /css/styles.css - 12:53:50
[32minfo[39m: GET en /assets/images/user_def.png - 12:53:50
[32minfo[39m: GET en /js/index.js - 12:53:50
[32minfo[39m: GET en /assets/images/agua_test.jpg - 12:53:50
[32minfo[39m: GET en /assets/images/sirviendo_test.jpg - 12:53:50
[32minfo[39m: GET en /assets/images/laboratorio_1400_600.jpg - 12:53:50
[32minfo[39m: GET en / - 13:15:42
[32minfo[39m: GET en /css/styles.css - 13:15:43
[32minfo[39m: GET en /assets/logo__svg.svg - 13:15:43
[32minfo[39m: GET en /assets/images/user_def.png - 13:15:43
[32minfo[39m: GET en /js/index.js - 13:15:43
[32minfo[39m: GET en /assets/images/agua_test.jpg - 13:15:43
[32minfo[39m: GET en /assets/images/sirviendo_test.jpg - 13:15:43
[32minfo[39m: GET en /assets/images/laboratorio_1400_600.jpg - 13:15:43
[32minfo[39m: GET en / - 09:40:19
[32minfo[39m: GET en /css/styles.css - 09:40:19
[32minfo[39m: GET en /assets/logo__svg.svg - 09:40:19
[32minfo[39m: GET en /assets/images/user_def.png - 09:40:19
[32minfo[39m: GET en /assets/images/sirviendo_test.jpg - 09:40:19
[32minfo[39m: GET en /assets/images/agua_test.jpg - 09:40:19
[32minfo[39m: GET en /assets/images/laboratorio_1400_600.jpg - 09:40:19
[32minfo[39m: GET en /js/index.js - 09:40:19
[32minfo[39m: GET en / - 10:32:23
[32minfo[39m: GET en /css/styles.css - 10:32:23
[32minfo[39m: GET en /assets/logo__svg.svg - 10:32:23
[32minfo[39m: GET en /assets/images/user_def.png - 10:32:23
[32minfo[39m: GET en /js/index.js - 10:32:24
[32minfo[39m: GET en /assets/images/agua_test.jpg - 10:32:24
[32minfo[39m: GET en /assets/images/sirviendo_test.jpg - 10:32:24
[32minfo[39m: GET en /assets/images/laboratorio_1400_600.jpg - 10:32:24
[32minfo[39m: POST en /api/sessions/login/ - 11:24:49
[32minfo[39m: POST en /api/sessions/login/ - 11:25:28
[32minfo[39m: POST en /api/sessions/login - 11:42:35
[32minfo[39m: User 654c1b1338bf654089e60350 logged in
[32minfo[39m: GET en / - 11:43:12
